Arguments: 
  /Users/andrewredden/.nvm/versions/node/v8.11.3/bin/node /Users/andrewredden/.yarn/bin/yarn.js

PATH: 
  /Users/andrewredden/.nvm/versions/node/v8.11.3/bin:/Users/andrewredden/.rbenv/shims:/Users/andrewredden/.rbenv/bin:/Users/andrewredden/.yarn/bin:/Users/andrewredden/.config/yarn/global/node_modules/.bin:/Users/andrewredden/.rbenv/shims:/Users/andrewredden/.rbenv/bin:/Users/andrewredden/.cargo/bin:/usr/local/bin:/usr/bin:/bin:/usr/sbin:/sbin:/usr/local/MacGPG2/bin

Yarn version: 
  1.9.4

Node version: 
  8.11.3

Platform: 
  darwin x64

Trace: 
  Error: getaddrinfo ENOTFOUND registry.npmjs.org registry.npmjs.org:80
      at errnoException (dns.js:50:10)
      at GetAddrInfoReqWrap.onlookup [as oncomplete] (dns.js:92:26)

npm manifest: 
  {
    "name": "gnosis-safe",
    "version": "0.0.2",
    "description": "Ethereum multisig contract",
    "license": "GPL-3.0",
    "main": "index.js",
    "files": [
      "contracts",
      "test"
    ],
    "scripts": {
      "test-norpc": "truffle test",
      "test": "run-with-testrpc -l 20000000 --noVMErrorsOnRPCResponse true 'truffle test'"
    },
    "repository": {
      "type": "git",
      "url": "git+https://github.com/gnosis/gnosis-safe.git"
    },
    "keywords": [
      "Ethereum",
      "Wallet",
      "Safe"
    ],
    "author": "stefan@gnosis.pm",
    "bugs": {
      "url": "https://github.com/gnosis/gnosis-safe/issues"
    },
    "devDependencies": {
      "@digix/tempo": "^0.2.0",
      "@gnosis.pm/mock-contract": "2.0.0",
      "bignumber.js": "^7.1.0",
      "eth-lightwallet": "^3.0.1",
      "ethereumjs-abi": "^0.6.5",
      "ganache-cli": "6.1.7",
      "random-buffer": "*",
      "run-with-testrpc": "^0.3.0",
      "solidity-coverage": "^0.4.2",
      "truffle": "^4.1.14",
      "web3": "0.20.6"
    },
    "dependencies": {
      "solc": "^0.4.24",
      "truffle-hdwallet-provider": "0.0.7-beta.1"
    }
  }

yarn manifest: 
  No manifest

Lockfile: 
  No lockfile
